<?xml version="1.0" encoding="UTF-8"?>
<!-- Generated by org.testng.reporters.JUnitReportReporter -->
<testsuite name="DemoTestNg.Demo3" tests="1" time="0.046" ignored="0" failures="0" timestamp="11 Aug 2019 16:08:19 GMT" skipped="0" hostname="ksudharm" errors="0">
  <testcase name="f" time="0.046" classname="DemoTestNg.Demo3"/>
</testsuite> <!-- DemoTestNg.Demo3 -->
