<?xml version="1.0" encoding="UTF-8"?>
<!-- Generated by org.testng.reporters.JUnitReportReporter -->
<testsuite name="DemoTestNg.Data" tests="2" time="26.197" ignored="0" failures="0" timestamp="11 Aug 2019 18:09:26 GMT" skipped="0" hostname="ksudharm" errors="0">
  <testcase name="f" time="13.078" classname="DemoTestNg.Data"/>
  <testcase name="f" time="13.119" classname="DemoTestNg.Data"/>
</testsuite> <!-- DemoTestNg.Data -->
