<?xml version="1.0" encoding="UTF-8"?>
<!-- Generated by org.testng.reporters.JUnitReportReporter -->
<testsuite name="DemoTestNg.Demo2" tests="1" time="0.003" ignored="0" failures="0" timestamp="10 Aug 2019 06:39:07 GMT" skipped="0" hostname="ksudharm" errors="0">
  <testcase name="f1" time="0.003" classname="DemoTestNg.Demo2"/>
</testsuite> <!-- DemoTestNg.Demo2 -->
