<?xml version="1.0" encoding="UTF-8"?>
<!-- Generated by org.testng.reporters.JUnitReportReporter -->
<testsuite name="DemoTestNg.Demo5" tests="4" time="0.026" ignored="0" failures="0" timestamp="11 Aug 2019 16:56:07 GMT" skipped="0" hostname="ksudharm" errors="0">
  <testcase name="B" time="0.004" classname="DemoTestNg.Demo5"/>
  <testcase name="D" time="0.006" classname="DemoTestNg.Demo5"/>
  <testcase name="C" time="0.002" classname="DemoTestNg.Demo5"/>
  <testcase name="A" time="0.014" classname="DemoTestNg.Demo5"/>
</testsuite> <!-- DemoTestNg.Demo5 -->
