<?xml version="1.0" encoding="UTF-8"?>
<!-- Generated by org.testng.reporters.JUnitReportReporter -->
<testsuite name="DemoTestNg.Demo6" tests="4" time="0.026" ignored="0" failures="0" timestamp="11 Aug 2019 17:05:47 GMT" skipped="0" hostname="ksudharm" errors="0">
  <testcase name="A" time="0.002" classname="DemoTestNg.Demo6"/>
  <testcase name="B" time="0.002" classname="DemoTestNg.Demo6"/>
  <testcase name="D" time="0.016" classname="DemoTestNg.Demo6"/>
  <testcase name="C" time="0.006" classname="DemoTestNg.Demo6"/>
</testsuite> <!-- DemoTestNg.Demo6 -->
