<?xml version="1.0" encoding="UTF-8"?>
<!-- Generated by org.testng.reporters.JUnitReportReporter -->
<testsuite name="DemoTestNg.Demo7" tests="6" time="0.077" ignored="0" failures="0" timestamp="11 Aug 2019 17:16:17 GMT" skipped="0" hostname="ksudharm" errors="0">
  <testcase name="B" time="0.008" classname="DemoTestNg.Demo7"/>
  <testcase name="A" time="0.003" classname="DemoTestNg.Demo7"/>
  <testcase name="D" time="0.045" classname="DemoTestNg.Demo7"/>
  <testcase name="X" time="0.004" classname="DemoTestNg.Demo7"/>
  <testcase name="Z" time="0.007" classname="DemoTestNg.Demo7"/>
  <testcase name="C" time="0.010" classname="DemoTestNg.Demo7"/>
</testsuite> <!-- DemoTestNg.Demo7 -->
