<?xml version="1.0" encoding="UTF-8"?>
<!-- Generated by org.testng.reporters.JUnitReportReporter -->
<testsuite name="DemoTestNg.Demo9" tests="2" time="0.027" ignored="1" failures="0" timestamp="11 Aug 2019 18:38:33 GMT" skipped="0" hostname="ksudharm" errors="0">
  <testcase name="testcase1" time="0.023" classname="DemoTestNg.Demo9"/>
  <testcase name="testcase2" time="0.004" classname="DemoTestNg.Demo9"/>
  <testcase name="testcase3" classname="DemoTestNg.Demo9">
    <skipped/>
  </testcase> <!-- testcase3 -->
</testsuite> <!-- DemoTestNg.Demo9 -->
