<?xml version="1.0" encoding="UTF-8"?>
<!-- Generated by org.testng.reporters.JUnitReportReporter -->
<testsuite name="DemoTestNg.Demo1" tests="2" time="0.017" ignored="0" failures="0" timestamp="10 Aug 2019 06:39:07 GMT" skipped="0" hostname="ksudharm" errors="0">
  <testcase name="g" time="0.006" classname="DemoTestNg.Demo1"/>
  <testcase name="f" time="0.011" classname="DemoTestNg.Demo1"/>
</testsuite> <!-- DemoTestNg.Demo1 -->
